<?xml version="1.0" encoding="UTF-8"?>
<!-- Generated by org.testng.reporters.JUnitReportReporter -->
<testsuite hostname="YASHAWANTH" failures="0" tests="4" name="All12TCusingTestNGIMplementation.CreatecontactTestpomusingTestNGimple" time="109.359" errors="0" timestamp="2024-11-08T15:04:23 IST" skipped="0">
  <testcase classname="All12TCusingTestNGIMplementation.CreatecontactTestpomusingTestNGimple" name="CreateConatctwithEmailTest" time="41.485"/>
  <system-out/>
  <testcase classname="All12TCusingTestNGIMplementation.CreatecontactTestpomusingTestNGimple" name="CreatecontactTest" time="17.191"/>
  <system-out/>
  <testcase classname="All12TCusingTestNGIMplementation.CreatecontactTestpomusingTestNGimple" name="CreateContactwithOrgTest" time="28.081"/>
  <system-out/>
  <testcase classname="All12TCusingTestNGIMplementation.CreatecontactTestpomusingTestNGimple" name="CreateContactwithSupportDateTest" time="22.602"/>
  <system-out/>
</testsuite> <!-- All12TCusingTestNGIMplementation.CreatecontactTestpomusingTestNGimple -->
