<?xml version="1.0" encoding="UTF-8"?>
<!-- Generated by org.testng.reporters.JUnitReportReporter -->
<testsuite hostname="YASHAWANTH" failures="0" tests="2" name="com.crm.comcast.ORG.CreateOrgTest" time="0.006" errors="0" timestamp="2024-11-08T15:14:15 IST" skipped="0">
  <testcase classname="com.crm.comcast.ORG.CreateOrgTest" name="CreateOrgwithIndustryTest" time="0.002"/>
  <system-out/>
  <testcase classname="com.crm.comcast.ORG.CreateOrgTest" name="CreateOrgTest" time="0.004"/>
  <system-out/>
</testsuite> <!-- com.crm.comcast.ORG.CreateOrgTest -->
