<?xml version="1.0" encoding="UTF-8"?>
<!-- Generated by org.testng.reporters.JUnitReportReporter -->
<testsuite hostname="YASHAWANTH" failures="0" tests="1" name="All12TCusingTestNGIMplementation.CreateTicketusingTestngImple" time="82.473" errors="0" timestamp="2024-11-11T10:39:15 IST" skipped="0">
  <testcase classname="All12TCusingTestNGIMplementation.CreateTicketusingTestngImple" name="CreateTicket1Test" time="82.473"/>
  <system-out/>
</testsuite> <!-- All12TCusingTestNGIMplementation.CreateTicketusingTestngImple -->
