<?xml version="1.0" encoding="UTF-8"?>
<!-- Generated by org.testng.reporters.JUnitReportReporter -->
<testsuite hostname="YASHAWANTH" failures="0" tests="2" name="com.pac1.CraeteContactTest" time="0.004" errors="0" timestamp="2024-11-08T15:14:15 IST" skipped="0">
  <testcase classname="com.pac1.CraeteContactTest" name="CreateContactwithDate" time="0.003"/>
  <system-out/>
  <testcase classname="com.pac1.CraeteContactTest" name="CreateContact" time="0.001"/>
  <system-out/>
</testsuite> <!-- com.pac1.CraeteContactTest -->
