<?xml version="1.0" encoding="UTF-8"?>
<!-- Generated by org.testng.reporters.JUnitReportReporter -->
<testsuite hostname="YASHAWANTH" failures="0" tests="1" name="Practice.testng.InvoiceTest" time="26.769" errors="0" timestamp="2024-11-08T15:14:15 IST" skipped="0">
  <testcase classname="Practice.testng.InvoiceTest" name="CreateInvoiceTest" time="26.769"/>
  <system-out/>
</testsuite> <!-- Practice.testng.InvoiceTest -->
