<?xml version="1.0" encoding="UTF-8"?>
<!-- Generated by org.testng.reporters.JUnitReportReporter -->
<testsuite hostname="YASHAWANTH" failures="0" tests="1" name="REPORTs.IMpleforexample.SampleReportTest" time="1.180" errors="0" timestamp="2024-11-08T15:14:15 IST" skipped="0">
  <testcase classname="REPORTs.IMpleforexample.SampleReportTest" name="CreateContact" time="1.180"/>
  <system-out/>
</testsuite> <!-- REPORTs.IMpleforexample.SampleReportTest -->
