<?xml version="1.0" encoding="UTF-8"?>
<!-- Generated by org.testng.reporters.JUnitReportReporter -->
<testsuite hostname="YASHAWANTH" failures="0" tests="1" name="TaskofVTIGER6TCown.CLiniqScenarioTest" time="41.364" errors="0" timestamp="2024-11-08T15:14:15 IST" skipped="0">
  <testcase classname="TaskofVTIGER6TCown.CLiniqScenarioTest" name="DisplayddOptions" time="41.364"/>
  <system-out/>
</testsuite> <!-- TaskofVTIGER6TCown.CLiniqScenarioTest -->
