<?xml version="1.0" encoding="UTF-8"?>
<!-- Generated by org.testng.reporters.JUnitReportReporter -->
<testsuite hostname="YASHAWANTH" failures="0" tests="2" name="REPORTs.IMpleforexample.SampleReportformultipleTCTest" time="0.120" errors="0" timestamp="2024-11-08T15:14:15 IST" skipped="0">
  <testcase classname="REPORTs.IMpleforexample.SampleReportformultipleTCTest" name="CreateContact_PHoneno" time="0.000"/>
  <system-out/>
  <testcase classname="REPORTs.IMpleforexample.SampleReportformultipleTCTest" name="CreateContactWith_Org" time="0.120"/>
  <system-out/>
</testsuite> <!-- REPORTs.IMpleforexample.SampleReportformultipleTCTest -->
