<?xml version="1.0" encoding="UTF-8"?>
<!-- Generated by org.testng.reporters.JUnitReportReporter -->
<testsuite hostname="YASHAWANTH" failures="0" tests="4" name="All12TCusingTestNGIMplementation.CreatecontactTestpomusingTestNGimple" time="182.633" errors="0" timestamp="2024-11-11T10:39:15 IST" skipped="0">
  <testcase classname="All12TCusingTestNGIMplementation.CreatecontactTestpomusingTestNGimple" name="CreateConatctwithEmailTest" time="110.925"/>
  <system-out/>
  <testcase classname="All12TCusingTestNGIMplementation.CreatecontactTestpomusingTestNGimple" name="CreateContactwithSupportDateTest" time="20.908"/>
  <system-out/>
  <testcase classname="All12TCusingTestNGIMplementation.CreatecontactTestpomusingTestNGimple" name="CreateContactwithOrgTest" time="34.455"/>
  <system-out/>
  <testcase classname="All12TCusingTestNGIMplementation.CreatecontactTestpomusingTestNGimple" name="CreatecontactTest" time="16.345"/>
  <system-out/>
</testsuite> <!-- All12TCusingTestNGIMplementation.CreatecontactTestpomusingTestNGimple -->
