<?xml version="1.0" encoding="UTF-8"?>
<!-- Generated by org.testng.reporters.JUnitReportReporter -->
<testsuite hostname="YASHAWANTH" failures="0" tests="1" name="All12TCusingTestNGIMplementation.CreateDocumentusingTEstNgIMple" time="34.298" errors="0" timestamp="2024-11-11T10:39:15 IST" skipped="0">
  <testcase classname="All12TCusingTestNGIMplementation.CreateDocumentusingTEstNgIMple" name="CreateDocumentTest" time="34.298"/>
  <system-out/>
</testsuite> <!-- All12TCusingTestNGIMplementation.CreateDocumentusingTEstNgIMple -->
