<?xml version="1.0" encoding="UTF-8"?>
<!-- Generated by org.testng.reporters.JUnitReportReporter -->
<testsuite hostname="YASHAWANTH" failures="0" tests="1" name="All12TCusingTestNGIMplementation.CreateLeadsusingTEstngIMple" time="88.269" errors="0" timestamp="2024-11-11T10:39:15 IST" skipped="0">
  <testcase classname="All12TCusingTestNGIMplementation.CreateLeadsusingTEstngIMple" name="CreateLeadsTest" time="88.269"/>
  <system-out/>
</testsuite> <!-- All12TCusingTestNGIMplementation.CreateLeadsusingTEstngIMple -->
