<?xml version="1.0" encoding="UTF-8"?>
<!-- Generated by org.testng.reporters.JUnitReportReporter -->
<testsuite hostname="YASHAWANTH" failures="0" tests="8" name="Practice.testng.OrderTest" time="0.004" errors="0" timestamp="2024-11-08T15:14:15 IST" skipped="0">
  <testcase classname="Practice.testng.OrderTest" name="CreateOrderTest_______1" time="0.001"/>
  <system-out/>
  <testcase classname="Practice.testng.OrderTest" name="CreateOrderTest_______1" time="0.001"/>
  <system-out/>
  <testcase classname="Practice.testng.OrderTest" name="CreateOrderTest_______1" time="0.001"/>
  <system-out/>
  <testcase classname="Practice.testng.OrderTest" name="CreateOrderTest_______1" time="0.000"/>
  <system-out/>
  <testcase classname="Practice.testng.OrderTest" name="BillingOrderTest___________1" time="0.000"/>
  <system-out/>
  <testcase classname="Practice.testng.OrderTest" name="CreateOrderTest_______1" time="0.001"/>
  <system-out/>
  <testcase classname="Practice.testng.OrderTest" name="CreateOrderTest" time="0.000"/>
  <system-out/>
  <testcase classname="Practice.testng.OrderTest" name="BillingOrderTest" time="0.000"/>
  <system-out/>
</testsuite> <!-- Practice.testng.OrderTest -->
