<?xml version="1.0" encoding="UTF-8"?>
<!-- Generated by org.testng.reporters.JUnitReportReporter -->
<testsuite hostname="YASHAWANTH" failures="0" tests="2" name="OwnPracticetest.TestNGThreadCount" time="1.736" errors="0" timestamp="2024-11-08T15:14:15 IST" skipped="0">
  <testcase classname="OwnPracticetest.TestNGThreadCount" name="Create" time="0.944"/>
  <system-out/>
  <testcase classname="OwnPracticetest.TestNGThreadCount" name="Createorg" time="0.792"/>
  <system-out/>
</testsuite> <!-- OwnPracticetest.TestNGThreadCount -->
