<?xml version="1.0" encoding="UTF-8"?>
<!-- Generated by org.testng.reporters.JUnitReportReporter -->
<testsuite hostname="YASHAWANTH" failures="0" tests="4" name="All12TCusingTestNGIMplementation.CreteOrgTestPOMusingTestNGimple" time="160.091" errors="0" timestamp="2024-11-11T10:39:15 IST" skipped="0">
  <testcase classname="All12TCusingTestNGIMplementation.CreteOrgTestPOMusingTestNGimple" name="CreateOrganizationwithIndustryTestpomTest" time="21.455"/>
  <system-out/>
  <testcase classname="All12TCusingTestNGIMplementation.CreteOrgTestPOMusingTestNGimple" name="CreateORGwithPHoneNUmTest" time="82.818"/>
  <system-out/>
  <testcase classname="All12TCusingTestNGIMplementation.CreteOrgTestPOMusingTestNGimple" name="DeleteOrganizationTestPomTest" time="24.237"/>
  <system-out/>
  <testcase classname="All12TCusingTestNGIMplementation.CreteOrgTestPOMusingTestNGimple" name="CreateOrgTest" time="31.581"/>
  <system-out/>
</testsuite> <!-- All12TCusingTestNGIMplementation.CreteOrgTestPOMusingTestNGimple -->
